<?xml version="1.0" encoding="UTF-8"?>
<testng-results skipped="0" failed="0" ignored="0" total="1" passed="1">
  <reporter-output>
  </reporter-output>
  <suite name="Default suite" duration-ms="51207" started-at="2020-06-24T03:10:20Z" finished-at="2020-06-24T03:11:11Z">
    <groups>
    </groups>
    <test name="Default test" duration-ms="51207" started-at="2020-06-24T03:10:20Z" finished-at="2020-06-24T03:11:11Z">
      <class name="testcases.login">
        <test-method status="PASS" signature="setupsuite()[pri:0, instance:testcases.login@2b98378d]" name="setupsuite" is-config="true" duration-ms="960" started-at="2020-06-23T23:10:19Z" finished-at="2020-06-23T23:10:20Z">
          <reporter-output>
          </reporter-output>
        </test-method> <!-- setupsuite -->
        <test-method status="PASS" signature="startbrowser()[pri:0, instance:testcases.login@2b98378d]" name="startbrowser" is-config="true" duration-ms="23663" started-at="2020-06-23T23:10:20Z" finished-at="2020-06-23T23:10:44Z">
          <reporter-output>
          </reporter-output>
        </test-method> <!-- startbrowser -->
        <test-method status="PASS" signature="loginapp()[pri:0, instance:testcases.login@2b98378d]" name="loginapp" duration-ms="10896" started-at="2020-06-23T23:10:44Z" finished-at="2020-06-23T23:10:54Z">
          <reporter-output>
          </reporter-output>
        </test-method> <!-- loginapp -->
        <test-method status="PASS" signature="screenshot(org.testng.ITestResult)[pri:0, instance:testcases.login@2b98378d]" name="screenshot" is-config="true" duration-ms="15880" started-at="2020-06-23T23:10:54Z" finished-at="2020-06-23T23:11:10Z">
          <params>
            <param index="0">
              <value>
                <![CDATA[[TestResult name=loginapp status=SUCCESS method=login.loginapp()[pri:0, instance:testcases.login@2b98378d] output={null}]]]>
              </value>
            </param>
          </params>
          <reporter-output>
          </reporter-output>
        </test-method> <!-- screenshot -->
        <test-method status="PASS" signature="quitbrowsers()[pri:0, instance:testcases.login@2b98378d]" name="quitbrowsers" is-config="true" duration-ms="740" started-at="2020-06-23T23:11:10Z" finished-at="2020-06-23T23:11:11Z">
          <reporter-output>
          </reporter-output>
        </test-method> <!-- quitbrowsers -->
      </class> <!-- testcases.login -->
    </test> <!-- Default test -->
  </suite> <!-- Default suite -->
</testng-results>
